01:03:06 **** Incremental Build of configuration Nios II for project bioleg ****
make all 
Info: Building ../bioleg_bsp/
D:/intel/nios2eds/bin/gnu/H-x86_64-mingw32/bin/make --no-print-directory -C ../bioleg_bsp/
[BSP build complete]
[bioleg build complete]
01:03:12 **** Build of configuration Nios II for project bioleg ****
make all 
Info: Building ../bioleg_bsp/
D:/intel/nios2eds/bin/gnu/H-x86_64-mingw32/bin/make --no-print-directory -C ../bioleg_bsp/
[BSP build complete]
[bioleg build complete]
01:03:14 **** Incremental Build of configuration Nios II for project bioleg ****
make all 
Info: Building ../bioleg_bsp/
D:/intel/nios2eds/bin/gnu/H-x86_64-mingw32/bin/make --no-print-directory -C ../bioleg_bsp/
[BSP build complete]
[bioleg build complete]
06:32:55 **** Build of configuration Nios II for project bioleg ****
make all 
Info: Building ../bioleg_bsp/
D:/intel/nios2eds/bin/gnu/H-x86_64-mingw32/bin/make --no-print-directory -C ../bioleg_bsp/
[BSP build complete]
[bioleg build complete]
06:32:58 **** Incremental Build of configuration Nios II for project bioleg ****
make all 
Info: Building ../bioleg_bsp/
D:/intel/nios2eds/bin/gnu/H-x86_64-mingw32/bin/make --no-print-directory -C ../bioleg_bsp/
[BSP build complete]
[bioleg build complete]
06:34:55 **** Build of configuration Nios II for project bioleg ****
make all 
Info: Building ../bioleg_bsp/
D:/intel/nios2eds/bin/gnu/H-x86_64-mingw32/bin/make --no-print-directory -C ../bioleg_bsp/
[BSP build complete]
[bioleg build complete]
06:34:56 **** Incremental Build of configuration Nios II for project bioleg ****
make all 
Info: Building ../bioleg_bsp/
D:/intel/nios2eds/bin/gnu/H-x86_64-mingw32/bin/make --no-print-directory -C ../bioleg_bsp/
[BSP build complete]
[bioleg build complete]
06:42:53 **** Build of configuration Nios II for project bioleg ****
make all 
Info: Building ../bioleg_bsp/
D:/intel/nios2eds/bin/gnu/H-x86_64-mingw32/bin/make --no-print-directory -C ../bioleg_bsp/
[BSP build complete]
[bioleg build complete]
06:42:57 **** Incremental Build of configuration Nios II for project bioleg ****
make all 
Info: Building ../bioleg_bsp/
D:/intel/nios2eds/bin/gnu/H-x86_64-mingw32/bin/make --no-print-directory -C ../bioleg_bsp/
[BSP build complete]
[bioleg build complete]
